<beans xmlns="http://www.springframework.org/schema/beans"
       xmlns:xsi="http://www.w3.org/2001/XMLSchema-instance"
       xmlns:rabbit="http://www.springframework.org/schema/rabbit"
       xmlns:context="http://www.springframework.org/schema/context"
       xsi:schemaLocation="http://www.springframework.org/schema/rabbit
           http://www.springframework.org/schema/rabbit/spring-rabbit.xsd
           http://www.springframework.org/schema/beans
           http://www.springframework.org/schema/beans/spring-beans.xsd
           http://www.springframework.org/schema/context
           http://www.springframework.org/schema/context/spring-context.xsd">

    <context:annotation-config/>

    <rabbit:connection-factory id="connectionFactory" username="guest" password="guest" host="localhost" port="5672"/>

    <rabbit:template id="amqpTemplate" connection-factory="connectionFactory"/>

    <bean id="authenticateSender" class="org.tbulens.sso.client.authenticate.AuthenticateSenderImpl">
        <property name="authenticateQueueChannel" value="sso.rpc"/>
        <property name="authenticateQueue" value="authenticate"/>
        <property name="amqpTemplate" ref="amqpTemplate"/>
    </bean>

    <bean id="loginSender" class="org.tbulens.sso.client.login.LoginSenderImpl">
        <property name="loginQueueChannel" value="sso.rpc"/>
        <property name="loginQueue" value="login"/>
        <property name="amqpTemplate" ref="amqpTemplate"/>
    </bean>
</beans>